2024-01-13 20:26:41 [scrapy.utils.log] INFO: Scrapy 2.6.1 started (bot: quotes_login)
2024-01-13 20:26:41 [scrapy.utils.log] INFO: Versions: lxml 4.9.2.0, libxml2 2.9.14, cssselect 1.2.0, parsel 1.8.1, w3lib 2.1.1, Twisted 22.10.0, Python 3.10.9 (main, Mar  1 2023, 18:23:06) [GCC 11.2.0], pyOpenSSL 22.0.0 (OpenSSL 3.0.7 1 Nov 2022), cryptography 38.0.4, Platform Linux-6.6.6-76060606-generic-x86_64-with-glibc2.35
2024-01-13 20:26:41 [scrapy.crawler] INFO: Overridden settings:
{'BOT_NAME': 'quotes_login',
 'LOG_FILE': 'log.log',
 'NEWSPIDER_MODULE': 'quotes_login.spiders',
 'ROBOTSTXT_OBEY': True,
 'SPIDER_MODULES': ['quotes_login.spiders']}
2024-01-13 20:26:41 [scrapy.utils.log] DEBUG: Using reactor: twisted.internet.epollreactor.EPollReactor
2024-01-13 20:26:41 [scrapy.extensions.telnet] INFO: Telnet Password: 68c04d7c97a73a1e
2024-01-13 20:26:41 [scrapy.middleware] INFO: Enabled extensions:
['scrapy.extensions.corestats.CoreStats',
 'scrapy.extensions.telnet.TelnetConsole',
 'scrapy.extensions.memusage.MemoryUsage',
 'scrapy.extensions.logstats.LogStats']
2024-01-13 20:26:41 [scrapy.middleware] INFO: Enabled downloader middlewares:
['scrapy.downloadermiddlewares.robotstxt.RobotsTxtMiddleware',
 'scrapy.downloadermiddlewares.httpauth.HttpAuthMiddleware',
 'scrapy.downloadermiddlewares.downloadtimeout.DownloadTimeoutMiddleware',
 'scrapy.downloadermiddlewares.defaultheaders.DefaultHeadersMiddleware',
 'scrapy.downloadermiddlewares.useragent.UserAgentMiddleware',
 'scrapy.downloadermiddlewares.retry.RetryMiddleware',
 'scrapy.downloadermiddlewares.redirect.MetaRefreshMiddleware',
 'scrapy.downloadermiddlewares.httpcompression.HttpCompressionMiddleware',
 'scrapy.downloadermiddlewares.redirect.RedirectMiddleware',
 'scrapy.downloadermiddlewares.cookies.CookiesMiddleware',
 'scrapy.downloadermiddlewares.httpproxy.HttpProxyMiddleware',
 'scrapy.downloadermiddlewares.stats.DownloaderStats']
2024-01-13 20:26:41 [scrapy.middleware] INFO: Enabled spider middlewares:
['scrapy.spidermiddlewares.httperror.HttpErrorMiddleware',
 'scrapy.spidermiddlewares.offsite.OffsiteMiddleware',
 'scrapy.spidermiddlewares.referer.RefererMiddleware',
 'scrapy.spidermiddlewares.urllength.UrlLengthMiddleware',
 'scrapy.spidermiddlewares.depth.DepthMiddleware']
2024-01-13 20:26:41 [scrapy.middleware] INFO: Enabled item pipelines:
[]
2024-01-13 20:26:41 [scrapy.core.engine] INFO: Spider opened
2024-01-13 20:26:41 [scrapy.extensions.logstats] INFO: Crawled 0 pages (at 0 pages/min), scraped 0 items (at 0 items/min)
2024-01-13 20:26:41 [scrapy.extensions.telnet] INFO: Telnet console listening on 127.0.0.1:6023
2024-01-13 20:26:42 [scrapy.core.engine] DEBUG: Crawled (404) <GET http://quotes.toscrape.com/robots.txt> (referer: None)
2024-01-13 20:26:42 [scrapy.core.engine] DEBUG: Crawled (200) <GET http://quotes.toscrape.com/login> (referer: None)
2024-01-13 20:26:43 [quotes_login_spider] DEBUG: Form with hidden input field, contains CSRF token value: <input type="hidden" name="csrf_token" value="dkXpqVEUhbHroTfQNiJyaBCvDeZgxsWlOMcutFYmAKSjRLzIwnGP">
2024-01-13 20:26:43 [quotes_login_spider] DEBUG: Request Body: b'csrf_token=dkXpqVEUhbHroTfQNiJyaBCvDeZgxsWlOMcutFYmAKSjRLzIwnGP&username=test_username&password=test_password'
2024-01-13 20:26:43 [scrapy.core.engine] INFO: Closing spider (finished)
2024-01-13 20:26:43 [scrapy.statscollectors] INFO: Dumping Scrapy stats:
{'downloader/request_bytes': 473,
 'downloader/request_count': 2,
 'downloader/request_method_count/GET': 2,
 'downloader/response_bytes': 1170,
 'downloader/response_count': 2,
 'downloader/response_status_count/200': 1,
 'downloader/response_status_count/404': 1,
 'elapsed_time_seconds': 1.101515,
 'finish_reason': 'finished',
 'finish_time': datetime.datetime(2024, 1, 13, 14, 56, 43, 21151),
 'httpcompression/response_bytes': 2077,
 'httpcompression/response_count': 2,
 'log_count/DEBUG': 9,
 'log_count/INFO': 10,
 'log_count/WARNING': 1,
 'memusage/max': 74465280,
 'memusage/startup': 74465280,
 'response_received_count': 2,
 'robotstxt/request_count': 1,
 'robotstxt/response_count': 1,
 'robotstxt/response_status_count/404': 1,
 'scheduler/dequeued': 1,
 'scheduler/dequeued/memory': 1,
 'scheduler/enqueued': 1,
 'scheduler/enqueued/memory': 1,
 'start_time': datetime.datetime(2024, 1, 13, 14, 56, 41, 919636)}
2024-01-13 20:26:43 [scrapy.core.engine] INFO: Spider closed (finished)
